<?xml version="1.0" encoding="UTF-8"?>
<!-- Generated by org.testng.reporters.JUnitReportReporter -->
<testsuite hostname="NoteAbraÃ£oRocha" failures="0" tests="1" name="testng.tests.AddItemToCart" time="0.014" errors="0" timestamp="2024-06-18T16:16:20 BRT" skipped="0">
  <testcase classname="testng.tests.AddItemToCart" name="test" time="0.014"/>
  <system-out/>
</testsuite> <!-- testng.tests.AddItemToCart -->
